algorithm=20 (op5)
op3waveform=11 (op3)
op3volume=41 (op3)
modulation=34 (op3)
op6volume=0 (op6)
reverblevel=124 (op6)
reverbdiffusion=22 (op1)
lfo2volume=0 (op2)
Q1=127 (op2)
pareqfreq0=32 (op2)
parametereqlefton=1 (op2)
highpasslefteqon=0 (op2)
highpassrighteqon=0 (op2)
op1ar=0 (op1)
op4ar=0 (op4)
op4waveform=6 (op4)
op1waveform=6 (op1)
op2ar=16 (op2)
op2waveform=2 (op2)
op2volume=98 (op2)
op6lep=22 (op6)
delaylowpasseqrighton=1 (op6)
delaylowpasseqlefton=1 (op6)
limiterlefton=0 (op6)
limiterrighton=0 (op6)
parametereqrighton=0 (op6)
mastertune=63 (op6)
szorzo=10 (op6)
lfo2freq=30 (op6)
lfo2delay=10 (op6)
Q2=76 (op6)
pareqfreq1=60 (op6)
eqvalue=57 (op6)
chorusfreq=40 (op6)
choruslevel=8 (op6)
delay2time=4 (op6)
delaytime=6 (op4)
limitgain=30 (op3)
frame=6 (op3)
level=15 (op3)
feedbacklevel=73 (op3)
pichkezd=10 (op7)
pichrr=40 (op7)
pichal=63 (op7)
pichvolume=40 (op7)
pichrl=63 (op7)
pichd2r=40 (op7)
pichd2l=63 (op7)
pichd1r=40 (op7)
pichd1l=63 (op7)
pichar=10 (op7)
op6pich=1 (op6)
op6rr=40 (op6)
op6rl=0 (op6)
op6d2r=40 (op6)
op6d2l=70 (op6)
op6d1r=40 (op6)
op6d1l=80 (op6)
op6ar=5 (op6)
op6al=100 (op6)
op6waveform=2 (op6)
op6generatorfreq=12 (op6)
op6notefixed=0 (op6)
op6generatorfreqfix=10 (op6)
op6detune=63 (op6)
op5pich=1 (op5)
op5rr=40 (op5)
op5rl=0 (op5)
op5d2r=40 (op5)
op5d2l=70 (op5)
op5d1r=40 (op5)
op5d1l=80 (op5)
op5ar=6 (op5)
op5al=100 (op5)
op5volume=6 (op5)
op5lep=22 (op5)
op5detune=63 (op5)
op5generatorfreqfix=10 (op5)
op5notefixed=0 (op5)
op5generatorfreq=12 (op5)
op5waveform=2 (op5)
op4pich=1 (op4)
op4rr=40 (op4)
op4rl=0 (op4)
op4d2r=40 (op4)
op4d2l=70 (op4)
op4d1r=40 (op4)
op4d1l=80 (op4)
op4al=100 (op4)
op4volume=6 (op4)
op4lep=22 (op4)
op4detune=63 (op4)
op4generatorfreqfix=10 (op4)
op4notefixed=0 (op4)
op4generatorfreq=12 (op4)
op3pich=1 (op3)
op3rr=40 (op3)
op3rl=0 (op3)
op3d2r=40 (op3)
op3d2l=70 (op3)
op3d1r=40 (op3)
op3d1l=80 (op3)
op3ar=6 (op3)
op3al=100 (op3)
op3lep=22 (op3)
op3detune=63 (op3)
op3generatorfreqfix=10 (op3)
op3notefixed=0 (op3)
op3generatorfreq=12 (op3)
op2pich=1 (op2)
op2rr=40 (op2)
op2rl=0 (op2)
op2d2r=40 (op2)
op2d2l=70 (op2)
op2d1r=40 (op2)
op2d1l=80 (op2)
op2al=100 (op2)
op2lep=22 (op2)
op2detune=63 (op2)
op2generatorfreqfix=10 (op2)
op2notefixed=0 (op2)
op2generatorfreq=12 (op2)
op1pich=1 (op1)
op1rr=40 (op1)
op1rl=0 (op1)
op1d2r=40 (op1)
op1d2l=70 (op1)
op1d1r=40 (op1)
op1d1l=80 (op1)
op1al=100 (op1)
op1generatorfreq=12 (op1)
op1lep=22 (op1)
op1detune=63 (op1)
op1generatorfreqfix=10 (op1)
op1notefixed=0 (op1)
op1volume=6 (op1)
op1notefixed=1 (op1)
op2notefixed=1 (op2)
op3notefixed=1 (op3)
op4notefixed=1 (op4)
op5notefixed=1 (op5)
op6notefixed=1 (op6)
op1veloc=3 (op1)
op2veloc=3 (op2)
op3veloc=3 (op3)
op4veloc=3 (op4)
op5veloc=3 (op5)
op6veloc=3 (op6)
